<?xml version="1.0" encoding="UTF-8"?>
<testng-results ignored="0" total="1" passed="1" failed="0" skipped="0">
  <reporter-output>
  </reporter-output>
  <suite started-at="2026-05-12T13:01:20 IST" name="Default suite" finished-at="2026-05-12T13:01:20 IST" duration-ms="62">
    <groups>
    </groups>
    <test started-at="2026-05-12T13:01:20 IST" name="Default test" finished-at="2026-05-12T13:01:20 IST" duration-ms="62">
      <class name="Znext.ReadDataConfigFileUsingFileReader1">
        <test-method signature="readData()[pri:0, instance:Znext.ReadDataConfigFileUsingFileReader1@5d9b7a8a]" started-at="2026-05-12T13:01:20 IST" name="readData" finished-at="2026-05-12T13:01:20 IST" duration-ms="9" status="PASS">
          <reporter-output>
          </reporter-output>
        </test-method> <!-- readData -->
      </class> <!-- Znext.ReadDataConfigFileUsingFileReader1 -->
    </test> <!-- Default test -->
  </suite> <!-- Default suite -->
</testng-results>
