<?xml version="1.0" encoding="UTF-8"?>
<testng-results ignored="0" total="1" passed="1" failed="0" skipped="0">
  <reporter-output>
  </reporter-output>
  <suite started-at="2026-05-09T13:51:41 IST" name="Default suite" finished-at="2026-05-09T13:51:45 IST" duration-ms="4528">
    <groups>
    </groups>
    <test started-at="2026-05-09T13:51:41 IST" name="Default test" finished-at="2026-05-09T13:51:45 IST" duration-ms="4528">
      <class name="Znext.Znext.FirstTest">
        <test-method signature="launchChome()[pri:0, instance:Znext.Znext.FirstTest@7b84fcf8]" started-at="2026-05-09T13:51:41 IST" name="launchChome" finished-at="2026-05-09T13:51:45 IST" duration-ms="4480" status="PASS">
          <reporter-output>
          </reporter-output>
        </test-method> <!-- launchChome -->
      </class> <!-- Znext.Znext.FirstTest -->
    </test> <!-- Default test -->
  </suite> <!-- Default suite -->
</testng-results>
